📊 开始更新股票数据...

📊 开始获取真实数据：2026-03-15 10:00:01
==================================================
✓ sh000001: 上证指数 - 4095.45 (-0.81%)
✓ sh000300: 沪深300 - 4669.14 (-0.39%)
✓ hk000700: 腾讯控股 - 547.5 (+0.18%)
✓ sh600519: 贵州茅台 - 1413.64 (+1.55%)
✓ 基金510300: 华泰柏瑞沪深300ETF - 4.6787 (-0.39%)
✓ 基金161725: 招商中证白酒指数(LOF)A - 0.6655 (1.10%)
✓ 黄金：使用备用数据（2026 年 3 月行情）

✅ 数据已保存到：stock_data.json
==================================================

📈 股票：4 只
💰 基金：2 只
🥇 黄金：2 个
[main d0fc7f1] data: 2026-03-15 10:00 自动更新股票数据
 1 file changed, 1 insertion(+), 1 deletion(-)
To github.com:njust303/personal-assistant.git
   5902e08..d0fc7f1  main -> main
remote: Powered by [01;33mGITEE.COM [0m[1.1.23]        
remote: Set trace flag 8946eab1        
To gitee.com:hfwf/personal-assistant.git
   5902e08..d0fc7f1  main -> main
✅ 数据已更新并推送
📱 访问：https://njust303.github.io/personal-assistant/h5-app/
📊 开始更新股票数据...

📊 开始获取真实数据：2026-03-15 11:00:01
==================================================
✓ sh000001: 上证指数 - 4095.45 (-0.81%)
✓ sh000300: 沪深300 - 4669.14 (-0.39%)
✓ hk000700: 腾讯控股 - 547.5 (+0.18%)
✓ sh600519: 贵州茅台 - 1413.64 (+1.55%)
✓ 基金510300: 华泰柏瑞沪深300ETF - 4.6787 (-0.39%)
✓ 基金161725: 招商中证白酒指数(LOF)A - 0.6655 (1.10%)
✓ 黄金：使用备用数据（2026 年 3 月行情）

✅ 数据已保存到：stock_data.json
==================================================

📈 股票：4 只
💰 基金：2 只
🥇 黄金：2 个
[main e9e45be] data: 2026-03-15 11:00 自动更新股票数据
 1 file changed, 1 insertion(+), 1 deletion(-)
To github.com:njust303/personal-assistant.git
   acac8aa..e9e45be  main -> main
remote: Powered by [01;33mGITEE.COM [0m[1.1.23]        
remote: Set trace flag 5f482ab3        
To gitee.com:hfwf/personal-assistant.git
   acac8aa..e9e45be  main -> main
✅ 数据已更新并推送
📱 访问：https://njust303.github.io/personal-assistant/h5-app/
📊 开始更新股票数据...

📊 开始获取真实数据：2026-03-15 12:00:01
==================================================
✓ sh000001: 上证指数 - 4095.45 (-0.81%)
✓ sh000300: 沪深300 - 4669.14 (-0.39%)
✓ hk000700: 腾讯控股 - 547.5 (+0.18%)
✓ sh600519: 贵州茅台 - 1413.64 (+1.55%)
✓ 基金510300: 华泰柏瑞沪深300ETF - 4.6787 (-0.39%)
✓ 基金161725: 招商中证白酒指数(LOF)A - 0.6655 (1.10%)
✓ 黄金：使用备用数据（2026 年 3 月行情）

✅ 数据已保存到：stock_data.json
==================================================

📈 股票：4 只
💰 基金：2 只
🥇 黄金：2 个
[main d73c876] data: 2026-03-15 12:00 自动更新股票数据
 1 file changed, 1 insertion(+), 1 deletion(-)
To github.com:njust303/personal-assistant.git
   e9e45be..d73c876  main -> main
remote: Powered by [01;33mGITEE.COM [0m[1.1.23]        
remote: Set trace flag fb4f3bb5        
To gitee.com:hfwf/personal-assistant.git
   e9e45be..d73c876  main -> main
✅ 数据已更新并推送
📱 访问：https://njust303.github.io/personal-assistant/h5-app/
📊 开始更新股票数据...

📊 开始获取真实数据：2026-03-15 13:00:01
==================================================
✓ sh000001: 上证指数 - 4095.45 (-0.81%)
✓ sh000300: 沪深300 - 4669.14 (-0.39%)
✓ hk000700: 腾讯控股 - 547.5 (+0.18%)
✓ sh600519: 贵州茅台 - 1413.64 (+1.55%)
✓ 基金510300: 华泰柏瑞沪深300ETF - 4.6787 (-0.39%)
✓ 基金161725: 招商中证白酒指数(LOF)A - 0.6655 (1.10%)
✓ 黄金：使用备用数据（2026 年 3 月行情）

✅ 数据已保存到：stock_data.json
==================================================

📈 股票：4 只
💰 基金：2 只
🥇 黄金：2 个
[main 461b3e8] data: 2026-03-15 13:00 自动更新股票数据
 1 file changed, 1 insertion(+), 1 deletion(-)
To github.com:njust303/personal-assistant.git
   d73c876..461b3e8  main -> main
remote: Powered by [01;33mGITEE.COM [0m[1.1.23]        
remote: Set trace flag 07407397        
To gitee.com:hfwf/personal-assistant.git
   d73c876..461b3e8  main -> main
✅ 数据已更新并推送
📱 访问：https://njust303.github.io/personal-assistant/h5-app/
