
开始获取数据：2026-03-15 08:38:01
==================================================
  请求 URL: https://hq.sinajs.cn/list=sh000001,sz399001,sz399006,sh000300,rt_hk00700,sh60051...
  响应长度：1291 字节
  ✓ sh000001: 上证指数 - 4095.4485 (-0.54%)
  ✓ sz399001: 深证成指 - 14280.78 (-0.14%)
  ✓ sz399006: 创业板指 - 3310.278 (+0.42%)
  ✓ sh000300: 沪深300 - 4669.14 (+0.00%)
  ✓ hk00700: TENCENT - 546.5 (+0.00%)
  ✓ sh600519: 贵州茅台 - 1413.64 (+1.52%)

  ✓ 基金510300: 华泰柏瑞沪深300ETF - 4.6787 (-0.39%)
  ✓ 基金161725: 招商中证白酒指数(LOF)A - 0.6655 (1.10%)

  ✓ cnf黄金 (nf_AU0): 1144.0 (-95.03%)
  ✓ comex黄金 (nf_AU0): 1144.0 (-95.03%)

==================================================
完整数据：
==================================================
{
  "timestamp": "2026-03-15T08:38:01.870391",
  "stocks": {
    "sh000001": {
      "name": "上证指数",
      "price": 4095.45,
      "change": -0.54,
      "change_amount": -22.13
    },
    "sz399001": {
      "name": "深证成指",
      "price": 14280.78,
      "change": -0.14,
      "change_amount": -20.14
    },
    "sz399006": {
      "name": "创业板指",
      "price": 3310.28,
      "change": 0.42,
      "change_amount": 13.77
    },
    "sh000300": {
      "name": "沪深300",
      "price": 4669.14,
      "change": 0.0,
      "change_amount": 0.08
    },
    "hk00700": {
      "name": "TENCENT",
      "price": 546.5,
      "change": 0.0,
      "change_amount": 0.0
    },
    "sh600519": {
      "name": "贵州茅台",
      "price": 1413.64,
      "change": 1.52,
      "change_amount": 21.16
    }
  },
  "funds": {
    "510300": {
      "name": "华泰柏瑞沪深300ETF",
      "net_value": 4.6787,
      "change": -0.39,
      "change_amount": 0
    },
    "161725": {
      "name": "招商中证白酒指数(LOF)A",
      "net_value": 0.6655,
      "change": 1.1,
      "change_amount": 0
    }
  },
  "gold": {
    "cnf": {
      "name": "CNF黄金",
      "price": 1144.0,
      "change": -95.03,
      "change_amount": -21856.0
    },
    "comex": {
      "name": "COMEX黄金",
      "price": 1144.0,
      "change": -95.03,
      "change_amount": -21856.0
    }
  }
}

数据已保存到：stock_data.json

开始获取数据：2026-03-15 08:39:02
==================================================
  请求 URL: https://hq.sinajs.cn/list=sh000001,sz399001,sz399006,sh000300,rt_hk00700,sh60051...
  响应长度：1291 字节
  ✓ sh000001: 上证指数 - 4095.4485 (-0.54%)
  ✓ sz399001: 深证成指 - 14280.78 (-0.14%)
  ✓ sz399006: 创业板指 - 3310.278 (+0.42%)
  ✓ sh000300: 沪深300 - 4669.14 (+0.00%)
  ✓ hk00700: TENCENT - 546.5 (+0.00%)
  ✓ sh600519: 贵州茅台 - 1413.64 (+1.52%)

  ✓ 基金510300: 华泰柏瑞沪深300ETF - 4.6787 (-0.39%)
  ✓ 基金161725: 招商中证白酒指数(LOF)A - 0.6655 (1.10%)

  ✓ cnf黄金 (nf_AU0): 1144.0 (-95.03%)
  ✓ comex黄金 (nf_AU0): 1144.0 (-95.03%)

==================================================
完整数据：
==================================================
{
  "timestamp": "2026-03-15T08:39:02.328334",
  "stocks": {
    "sh000001": {
      "name": "上证指数",
      "price": 4095.45,
      "change": -0.54,
      "change_amount": -22.13
    },
    "sz399001": {
      "name": "深证成指",
      "price": 14280.78,
      "change": -0.14,
      "change_amount": -20.14
    },
    "sz399006": {
      "name": "创业板指",
      "price": 3310.28,
      "change": 0.42,
      "change_amount": 13.77
    },
    "sh000300": {
      "name": "沪深300",
      "price": 4669.14,
      "change": 0.0,
      "change_amount": 0.08
    },
    "hk00700": {
      "name": "TENCENT",
      "price": 546.5,
      "change": 0.0,
      "change_amount": 0.0
    },
    "sh600519": {
      "name": "贵州茅台",
      "price": 1413.64,
      "change": 1.52,
      "change_amount": 21.16
    }
  },
  "funds": {
    "510300": {
      "name": "华泰柏瑞沪深300ETF",
      "net_value": 4.6787,
      "change": -0.39,
      "change_amount": 0
    },
    "161725": {
      "name": "招商中证白酒指数(LOF)A",
      "net_value": 0.6655,
      "change": 1.1,
      "change_amount": 0
    }
  },
  "gold": {
    "cnf": {
      "name": "CNF黄金",
      "price": 1144.0,
      "change": -95.03,
      "change_amount": -21856.0
    },
    "comex": {
      "name": "COMEX黄金",
      "price": 1144.0,
      "change": -95.03,
      "change_amount": -21856.0
    }
  }
}

数据已保存到：stock_data.json

开始获取数据：2026-03-15 08:40:01
==================================================
  请求 URL: https://hq.sinajs.cn/list=sh000001,sz399001,sz399006,sh000300,rt_hk00700,sh60051...
  响应长度：1291 字节
  ✓ sh000001: 上证指数 - 4095.4485 (-0.54%)
  ✓ sz399001: 深证成指 - 14280.78 (-0.14%)
  ✓ sz399006: 创业板指 - 3310.278 (+0.42%)
  ✓ sh000300: 沪深300 - 4669.14 (+0.00%)
  ✓ hk00700: TENCENT - 546.5 (+0.00%)
  ✓ sh600519: 贵州茅台 - 1413.64 (+1.52%)

  ✓ 基金510300: 华泰柏瑞沪深300ETF - 4.6787 (-0.39%)
  ✓ 基金161725: 招商中证白酒指数(LOF)A - 0.6655 (1.10%)

  ✓ cnf黄金 (nf_AU0): 1144.0 (-95.03%)
  ✓ comex黄金 (nf_AU0): 1144.0 (-95.03%)

==================================================
完整数据：
==================================================
{
  "timestamp": "2026-03-15T08:40:01.760733",
  "stocks": {
    "sh000001": {
      "name": "上证指数",
      "price": 4095.45,
      "change": -0.54,
      "change_amount": -22.13
    },
    "sz399001": {
      "name": "深证成指",
      "price": 14280.78,
      "change": -0.14,
      "change_amount": -20.14
    },
    "sz399006": {
      "name": "创业板指",
      "price": 3310.28,
      "change": 0.42,
      "change_amount": 13.77
    },
    "sh000300": {
      "name": "沪深300",
      "price": 4669.14,
      "change": 0.0,
      "change_amount": 0.08
    },
    "hk00700": {
      "name": "TENCENT",
      "price": 546.5,
      "change": 0.0,
      "change_amount": 0.0
    },
    "sh600519": {
      "name": "贵州茅台",
      "price": 1413.64,
      "change": 1.52,
      "change_amount": 21.16
    }
  },
  "funds": {
    "510300": {
      "name": "华泰柏瑞沪深300ETF",
      "net_value": 4.6787,
      "change": -0.39,
      "change_amount": 0
    },
    "161725": {
      "name": "招商中证白酒指数(LOF)A",
      "net_value": 0.6655,
      "change": 1.1,
      "change_amount": 0
    }
  },
  "gold": {
    "cnf": {
      "name": "CNF黄金",
      "price": 1144.0,
      "change": -95.03,
      "change_amount": -21856.0
    },
    "comex": {
      "name": "COMEX黄金",
      "price": 1144.0,
      "change": -95.03,
      "change_amount": -21856.0
    }
  }
}

数据已保存到：stock_data.json
