============================================================
🚀 股票数据 API 服务器
============================================================
📍 本地访问：http://localhost:5000
📡 API 接口：http://localhost:5000/api/stock-data
🔄 刷新接口：http://localhost:5000/api/refresh
💾 数据缓存：60 秒
============================================================

按 Ctrl+C 停止服务


📊 抓取新数据：2026-03-15 08:37:50

开始获取数据：2026-03-15 08:37:50
==================================================
  请求 URL: https://hq.sinajs.cn/list=sh000001,sz399001,sz399006,sh000300,rt_hk00700,sh60051...
  响应长度：1291 字节
  ✓ sh000001: 上证指数 - 4095.4485 (-0.54%)
  ✓ sz399001: 深证成指 - 14280.78 (-0.14%)
  ✓ sz399006: 创业板指 - 3310.278 (+0.42%)
  ✓ sh000300: 沪深300 - 4669.14 (+0.00%)
  ✓ hk00700: TENCENT - 546.5 (+0.00%)
  ✓ sh600519: 贵州茅台 - 1413.64 (+1.52%)

  ✓ 基金510300: 华泰柏瑞沪深300ETF - 4.6787 (-0.39%)
  ✓ 基金161725: 招商中证白酒指数(LOF)A - 0.6655 (1.10%)

  ✓ cnf黄金 (nf_AU0): 1144.0 (-95.03%)
  ✓ comex黄金 (nf_AU0): 1144.0 (-95.03%)
 * Serving Flask app 'server' (lazy loading)
 * Environment: production
   WARNING: This is a development server. Do not use it in a production deployment.
   Use a production WSGI server instead.
 * Debug mode: off
 * Running on all addresses.
   WARNING: This is a development server. Do not use it in a production deployment.
 * Running on http://172.24.33.133:5000/ (Press CTRL+C to quit)
127.0.0.1 - - [15/Mar/2026 08:37:57] "GET /api/stock-data HTTP/1.1" 200 -
127.0.0.1 - - [15/Mar/2026 08:38:15] "GET /index-v3.7-realtime.html HTTP/1.1" 200 -
